<?xml version="1.0" encoding="UTF-8"?>
<!-- Generated by org.testng.reporters.JUnitReportReporter -->
<testsuite hostname="DESKTOP-EVK9GMC" failures="0" tests="1" name="scripts.DownloadProductdetails" time="64.805" errors="0" timestamp="2021-03-25T10:07:38 IST" skipped="0">
  <testcase classname="scripts.DownloadProductdetails" name="downloaddetails" time="64.805"/>
</testsuite> <!-- scripts.DownloadProductdetails -->
