<?xml version="1.0" encoding="UTF-8"?>
<!-- Generated by org.testng.reporters.JUnitReportReporter -->
<testsuite hostname="DESKTOP-EVK9GMC" failures="0" tests="1" name="scripts.Deliveryproduct" time="21.278" errors="0" timestamp="2021-03-25T10:07:38 IST" skipped="0">
  <testcase classname="scripts.Deliveryproduct" name="delivery" time="21.278"/>
</testsuite> <!-- scripts.Deliveryproduct -->
