<?xml version="1.0" encoding="UTF-8"?>
<!-- Generated by org.testng.reporters.JUnitReportReporter -->
<testsuite hostname="DESKTOP-EVK9GMC" failures="0" tests="1" name="scripts.Addingproducttocart" time="32.933" errors="0" timestamp="2021-03-25T10:07:38 IST" skipped="0">
  <testcase classname="scripts.Addingproducttocart" name="addingtocart" time="32.933"/>
</testsuite> <!-- scripts.Addingproducttocart -->
